<?xml version="1.0" ?>
<!DOCTYPE coverage SYSTEM "http://cobertura.sourceforge.net/xml/coverage-04.dtd">
<coverage lines-valid="795" lines-covered="18" line-rate="0.0226" branches-valid="368" branches-covered="3" branch-rate="0.008100000000000001" timestamp="1715785790155" complexity="0" version="0.1">
  <sources>
    <source>/home/mladen/Dokumente/10-19_Projects/edocapi-implementation</source>
  </sources>
  <packages>
    <package name="api" line-rate="0" branch-rate="0">
      <classes>
        <class name="index.ts" filename="src/api/index.ts" line-rate="0" branch-rate="0">
          <methods>
            <method name="(anonymous_1)" hits="0" signature="()V">
              <lines>
                <line number="21" hits="0"/>
              </lines>
            </method>
            <method name="(anonymous_2)" hits="0" signature="()V">
              <lines>
                <line number="27" hits="0"/>
              </lines>
            </method>
          </methods>
          <lines>
            <line number="1" hits="0" branch="false"/>
            <line number="2" hits="0" branch="false"/>
            <line number="3" hits="0" branch="false"/>
            <line number="4" hits="0" branch="false"/>
            <line number="5" hits="0" branch="false"/>
            <line number="7" hits="0" branch="false"/>
            <line number="10" hits="0" branch="false"/>
            <line number="11" hits="0" branch="false"/>
            <line number="13" hits="0" branch="false"/>
            <line number="18" hits="0" branch="false"/>
            <line number="21" hits="0" branch="false"/>
            <line number="22" hits="0" branch="false"/>
            <line number="23" hits="0" branch="false"/>
            <line number="27" hits="0" branch="false"/>
            <line number="28" hits="0" branch="false"/>
            <line number="32" hits="0" branch="true" condition-coverage="0% (0/2)"/>
            <line number="34" hits="0" branch="true" condition-coverage="0% (0/2)"/>
            <line number="35" hits="0" branch="true" condition-coverage="0% (0/2)"/>
            <line number="37" hits="0" branch="true" condition-coverage="0% (0/2)"/>
            <line number="38" hits="0" branch="true" condition-coverage="0% (0/2)"/>
            <line number="40" hits="0" branch="true" condition-coverage="0% (0/2)"/>
            <line number="43" hits="0" branch="false"/>
          </lines>
        </class>
      </classes>
    </package>
    <package name="api.routes" line-rate="0" branch-rate="0">
      <classes>
        <class name="v1-route.ts" filename="src/api/routes/v1-route.ts" line-rate="0" branch-rate="0">
          <methods>
            <method name="(anonymous_14)" hits="0" signature="()V">
              <lines>
                <line number="21" hits="0"/>
              </lines>
            </method>
            <method name="(anonymous_15)" hits="0" signature="()V">
              <lines>
                <line number="21" hits="0"/>
              </lines>
            </method>
            <method name="(anonymous_16)" hits="0" signature="()V">
              <lines>
                <line number="54" hits="0"/>
              </lines>
            </method>
            <method name="(anonymous_17)" hits="0" signature="()V">
              <lines>
                <line number="54" hits="0"/>
              </lines>
            </method>
            <method name="(anonymous_18)" hits="0" signature="()V">
              <lines>
                <line number="83" hits="0"/>
              </lines>
            </method>
            <method name="(anonymous_19)" hits="0" signature="()V">
              <lines>
                <line number="83" hits="0"/>
              </lines>
            </method>
            <method name="(anonymous_20)" hits="0" signature="()V">
              <lines>
                <line number="107" hits="0"/>
              </lines>
            </method>
            <method name="(anonymous_21)" hits="0" signature="()V">
              <lines>
                <line number="107" hits="0"/>
              </lines>
            </method>
            <method name="(anonymous_22)" hits="0" signature="()V">
              <lines>
                <line number="133" hits="0"/>
              </lines>
            </method>
            <method name="(anonymous_23)" hits="0" signature="()V">
              <lines>
                <line number="133" hits="0"/>
              </lines>
            </method>
            <method name="(anonymous_24)" hits="0" signature="()V">
              <lines>
                <line number="157" hits="0"/>
              </lines>
            </method>
            <method name="(anonymous_25)" hits="0" signature="()V">
              <lines>
                <line number="157" hits="0"/>
              </lines>
            </method>
            <method name="(anonymous_26)" hits="0" signature="()V">
              <lines>
                <line number="179" hits="0"/>
              </lines>
            </method>
            <method name="(anonymous_27)" hits="0" signature="()V">
              <lines>
                <line number="179" hits="0"/>
              </lines>
            </method>
            <method name="(anonymous_28)" hits="0" signature="()V">
              <lines>
                <line number="200" hits="0"/>
              </lines>
            </method>
            <method name="(anonymous_29)" hits="0" signature="()V">
              <lines>
                <line number="200" hits="0"/>
              </lines>
            </method>
            <method name="(anonymous_30)" hits="0" signature="()V">
              <lines>
                <line number="221" hits="0"/>
              </lines>
            </method>
            <method name="(anonymous_31)" hits="0" signature="()V">
              <lines>
                <line number="221" hits="0"/>
              </lines>
            </method>
            <method name="(anonymous_32)" hits="0" signature="()V">
              <lines>
                <line number="244" hits="0"/>
              </lines>
            </method>
            <method name="(anonymous_33)" hits="0" signature="()V">
              <lines>
                <line number="244" hits="0"/>
              </lines>
            </method>
            <method name="(anonymous_34)" hits="0" signature="()V">
              <lines>
                <line number="267" hits="0"/>
              </lines>
            </method>
            <method name="(anonymous_35)" hits="0" signature="()V">
              <lines>
                <line number="267" hits="0"/>
              </lines>
            </method>
            <method name="(anonymous_36)" hits="0" signature="()V">
              <lines>
                <line number="293" hits="0"/>
              </lines>
            </method>
            <method name="(anonymous_37)" hits="0" signature="()V">
              <lines>
                <line number="293" hits="0"/>
              </lines>
            </method>
            <method name="(anonymous_38)" hits="0" signature="()V">
              <lines>
                <line number="315" hits="0"/>
              </lines>
            </method>
            <method name="(anonymous_39)" hits="0" signature="()V">
              <lines>
                <line number="315" hits="0"/>
              </lines>
            </method>
            <method name="(anonymous_40)" hits="0" signature="()V">
              <lines>
                <line number="339" hits="0"/>
              </lines>
            </method>
            <method name="(anonymous_41)" hits="0" signature="()V">
              <lines>
                <line number="339" hits="0"/>
              </lines>
            </method>
            <method name="(anonymous_42)" hits="0" signature="()V">
              <lines>
                <line number="361" hits="0"/>
              </lines>
            </method>
            <method name="(anonymous_43)" hits="0" signature="()V">
              <lines>
                <line number="361" hits="0"/>
              </lines>
            </method>
            <method name="(anonymous_44)" hits="0" signature="()V">
              <lines>
                <line number="392" hits="0"/>
              </lines>
            </method>
            <method name="(anonymous_45)" hits="0" signature="()V">
              <lines>
                <line number="392" hits="0"/>
              </lines>
            </method>
            <method name="(anonymous_46)" hits="0" signature="()V">
              <lines>
                <line number="417" hits="0"/>
              </lines>
            </method>
            <method name="(anonymous_47)" hits="0" signature="()V">
              <lines>
                <line number="417" hits="0"/>
              </lines>
            </method>
            <method name="(anonymous_48)" hits="0" signature="()V">
              <lines>
                <line number="441" hits="0"/>
              </lines>
            </method>
            <method name="(anonymous_49)" hits="0" signature="()V">
              <lines>
                <line number="441" hits="0"/>
              </lines>
            </method>
            <method name="(anonymous_50)" hits="0" signature="()V">
              <lines>
                <line number="472" hits="0"/>
              </lines>
            </method>
            <method name="(anonymous_51)" hits="0" signature="()V">
              <lines>
                <line number="472" hits="0"/>
              </lines>
            </method>
            <method name="(anonymous_52)" hits="0" signature="()V">
              <lines>
                <line number="502" hits="0"/>
              </lines>
            </method>
            <method name="(anonymous_53)" hits="0" signature="()V">
              <lines>
                <line number="502" hits="0"/>
              </lines>
            </method>
            <method name="(anonymous_54)" hits="0" signature="()V">
              <lines>
                <line number="528" hits="0"/>
              </lines>
            </method>
            <method name="(anonymous_55)" hits="0" signature="()V">
              <lines>
                <line number="528" hits="0"/>
              </lines>
            </method>
            <method name="(anonymous_56)" hits="0" signature="()V">
              <lines>
                <line number="567" hits="0"/>
              </lines>
            </method>
            <method name="(anonymous_57)" hits="0" signature="()V">
              <lines>
                <line number="567" hits="0"/>
              </lines>
            </method>
            <method name="(anonymous_58)" hits="0" signature="()V">
              <lines>
                <line number="593" hits="0"/>
              </lines>
            </method>
            <method name="(anonymous_59)" hits="0" signature="()V">
              <lines>
                <line number="593" hits="0"/>
              </lines>
            </method>
            <method name="(anonymous_60)" hits="0" signature="()V">
              <lines>
                <line number="618" hits="0"/>
              </lines>
            </method>
            <method name="(anonymous_61)" hits="0" signature="()V">
              <lines>
                <line number="618" hits="0"/>
              </lines>
            </method>
            <method name="(anonymous_62)" hits="0" signature="()V">
              <lines>
                <line number="644" hits="0"/>
              </lines>
            </method>
            <method name="(anonymous_63)" hits="0" signature="()V">
              <lines>
                <line number="644" hits="0"/>
              </lines>
            </method>
            <method name="(anonymous_64)" hits="0" signature="()V">
              <lines>
                <line number="664" hits="0"/>
              </lines>
            </method>
            <method name="(anonymous_65)" hits="0" signature="()V">
              <lines>
                <line number="664" hits="0"/>
              </lines>
            </method>
            <method name="(anonymous_66)" hits="0" signature="()V">
              <lines>
                <line number="688" hits="0"/>
              </lines>
            </method>
            <method name="(anonymous_67)" hits="0" signature="()V">
              <lines>
                <line number="688" hits="0"/>
              </lines>
            </method>
            <method name="(anonymous_68)" hits="0" signature="()V">
              <lines>
                <line number="710" hits="0"/>
              </lines>
            </method>
            <method name="(anonymous_69)" hits="0" signature="()V">
              <lines>
                <line number="710" hits="0"/>
              </lines>
            </method>
          </methods>
          <lines>
            <line number="1" hits="0" branch="false"/>
            <line number="2" hits="0" branch="false"/>
            <line number="6" hits="0" branch="false"/>
            <line number="7" hits="0" branch="false"/>
            <line number="8" hits="0" branch="false"/>
            <line number="9" hits="0" branch="false"/>
            <line number="10" hits="0" branch="false"/>
            <line number="11" hits="0" branch="false"/>
            <line number="19" hits="0" branch="false"/>
            <line number="21" hits="0" branch="false"/>
            <line number="22" hits="0" branch="false"/>
            <line number="23" hits="0" branch="true" condition-coverage="0% (0/1)"/>
            <line number="24" hits="0" branch="false"/>
            <line number="27" hits="0" branch="false"/>
            <line number="31" hits="0" branch="false"/>
            <line number="32" hits="0" branch="false"/>
            <line number="39" hits="0" branch="true" condition-coverage="0% (0/2)"/>
            <line number="41" hits="0" branch="false"/>
            <line number="52" hits="0" branch="false"/>
            <line number="54" hits="0" branch="false"/>
            <line number="55" hits="0" branch="false"/>
            <line number="59" hits="0" branch="true" condition-coverage="0% (0/1)"/>
            <line number="60" hits="0" branch="false"/>
            <line number="63" hits="0" branch="false"/>
            <line number="65" hits="0" branch="false"/>
            <line number="66" hits="0" branch="false"/>
            <line number="67" hits="0" branch="true" condition-coverage="0% (0/2)"/>
            <line number="69" hits="0" branch="false"/>
            <line number="81" hits="0" branch="false"/>
            <line number="83" hits="0" branch="false"/>
            <line number="84" hits="0" branch="false"/>
            <line number="89" hits="0" branch="false"/>
            <line number="90" hits="0" branch="false"/>
            <line number="91" hits="0" branch="true" condition-coverage="0% (0/2)"/>
            <line number="93" hits="0" branch="false"/>
            <line number="105" hits="0" branch="false"/>
            <line number="107" hits="0" branch="false"/>
            <line number="108" hits="0" branch="false"/>
            <line number="113" hits="0" branch="false"/>
            <line number="114" hits="0" branch="false"/>
            <line number="115" hits="0" branch="false"/>
            <line number="117" hits="0" branch="false"/>
            <line number="131" hits="0" branch="false"/>
            <line number="133" hits="0" branch="false"/>
            <line number="134" hits="0" branch="false"/>
            <line number="138" hits="0" branch="false"/>
            <line number="139" hits="0" branch="false"/>
            <line number="140" hits="0" branch="true" condition-coverage="0% (0/2)"/>
            <line number="142" hits="0" branch="false"/>
            <line number="155" hits="0" branch="false"/>
            <line number="157" hits="0" branch="false"/>
            <line number="158" hits="0" branch="false"/>
            <line number="162" hits="0" branch="false"/>
            <line number="163" hits="0" branch="false"/>
            <line number="164" hits="0" branch="false"/>
            <line number="166" hits="0" branch="false"/>
            <line number="177" hits="0" branch="false"/>
            <line number="179" hits="0" branch="false"/>
            <line number="180" hits="0" branch="false"/>
            <line number="184" hits="0" branch="false"/>
            <line number="185" hits="0" branch="false"/>
            <line number="186" hits="0" branch="true" condition-coverage="0% (0/2)"/>
            <line number="188" hits="0" branch="false"/>
            <line number="198" hits="0" branch="false"/>
            <line number="200" hits="0" branch="false"/>
            <line number="201" hits="0" branch="false"/>
            <line number="206" hits="0" branch="false"/>
            <line number="207" hits="0" branch="false"/>
            <line number="208" hits="0" branch="false"/>
            <line number="210" hits="0" branch="false"/>
            <line number="219" hits="0" branch="false"/>
            <line number="221" hits="0" branch="false"/>
            <line number="222" hits="0" branch="false"/>
            <line number="227" hits="0" branch="false"/>
            <line number="228" hits="0" branch="false"/>
            <line number="229" hits="0" branch="false"/>
            <line number="231" hits="0" branch="false"/>
            <line number="242" hits="0" branch="false"/>
            <line number="244" hits="0" branch="false"/>
            <line number="245" hits="0" branch="false"/>
            <line number="249" hits="0" branch="false"/>
            <line number="250" hits="0" branch="false"/>
            <line number="251" hits="0" branch="false"/>
            <line number="253" hits="0" branch="false"/>
            <line number="265" hits="0" branch="false"/>
            <line number="267" hits="0" branch="false"/>
            <line number="268" hits="0" branch="false"/>
            <line number="272" hits="0" branch="false"/>
            <line number="273" hits="0" branch="false"/>
            <line number="274" hits="0" branch="false"/>
            <line number="276" hits="0" branch="false"/>
            <line number="291" hits="0" branch="false"/>
            <line number="293" hits="0" branch="false"/>
            <line number="294" hits="0" branch="false"/>
            <line number="298" hits="0" branch="false"/>
            <line number="299" hits="0" branch="false"/>
            <line number="300" hits="0" branch="false"/>
            <line number="302" hits="0" branch="false"/>
            <line number="313" hits="0" branch="false"/>
            <line number="315" hits="0" branch="false"/>
            <line number="316" hits="0" branch="false"/>
            <line number="320" hits="0" branch="false"/>
            <line number="321" hits="0" branch="false"/>
            <line number="322" hits="0" branch="false"/>
            <line number="324" hits="0" branch="false"/>
            <line number="337" hits="0" branch="false"/>
            <line number="339" hits="0" branch="false"/>
            <line number="340" hits="0" branch="false"/>
            <line number="345" hits="0" branch="false"/>
            <line number="346" hits="0" branch="false"/>
            <line number="347" hits="0" branch="false"/>
            <line number="349" hits="0" branch="false"/>
            <line number="359" hits="0" branch="false"/>
            <line number="361" hits="0" branch="false"/>
            <line number="362" hits="0" branch="false"/>
            <line number="363" hits="0" branch="false"/>
            <line number="368" hits="0" branch="false"/>
            <line number="369" hits="0" branch="false"/>
            <line number="371" hits="0" branch="true" condition-coverage="0% (0/2)"/>
            <line number="372" hits="0" branch="false"/>
            <line number="374" hits="0" branch="false"/>
            <line number="390" hits="0" branch="false"/>
            <line number="392" hits="0" branch="false"/>
            <line number="393" hits="0" branch="false"/>
            <line number="399" hits="0" branch="false"/>
            <line number="400" hits="0" branch="false"/>
            <line number="401" hits="0" branch="true" condition-coverage="0% (0/2)"/>
            <line number="403" hits="0" branch="false"/>
            <line number="415" hits="0" branch="false"/>
            <line number="417" hits="0" branch="false"/>
            <line number="418" hits="0" branch="false"/>
            <line number="424" hits="0" branch="false"/>
            <line number="425" hits="0" branch="false"/>
            <line number="426" hits="0" branch="false"/>
            <line number="428" hits="0" branch="false"/>
            <line number="439" hits="0" branch="false"/>
            <line number="441" hits="0" branch="false"/>
            <line number="442" hits="0" branch="false"/>
            <line number="447" hits="0" branch="false"/>
            <line number="448" hits="0" branch="false"/>
            <line number="449" hits="0" branch="true" condition-coverage="0% (0/2)"/>
            <line number="450" hits="0" branch="false"/>
            <line number="455" hits="0" branch="false"/>
            <line number="457" hits="0" branch="false"/>
            <line number="460" hits="0" branch="false"/>
            <line number="469" hits="0" branch="false"/>
            <line number="472" hits="0" branch="false"/>
            <line number="473" hits="0" branch="true" condition-coverage="0% (0/1)"/>
            <line number="474" hits="0" branch="false"/>
            <line number="477" hits="0" branch="true" condition-coverage="0% (0/1)"/>
            <line number="478" hits="0" branch="false"/>
            <line number="481" hits="0" branch="false"/>
            <line number="488" hits="0" branch="false"/>
            <line number="489" hits="0" branch="false"/>
            <line number="490" hits="0" branch="true" condition-coverage="0% (0/2)"/>
            <line number="492" hits="0" branch="false"/>
            <line number="500" hits="0" branch="false"/>
            <line number="502" hits="0" branch="false"/>
            <line number="503" hits="0" branch="false"/>
            <line number="509" hits="0" branch="false"/>
            <line number="510" hits="0" branch="false"/>
            <line number="511" hits="0" branch="false"/>
            <line number="513" hits="0" branch="false"/>
            <line number="526" hits="0" branch="false"/>
            <line number="528" hits="0" branch="false"/>
            <line number="529" hits="0" branch="false"/>
            <line number="535" hits="0" branch="false"/>
            <line number="536" hits="0" branch="false"/>
            <line number="537" hits="0" branch="true" condition-coverage="0% (0/2)"/>
            <line number="538" hits="0" branch="false"/>
            <line number="539" hits="0" branch="false"/>
            <line number="542" hits="0" branch="false"/>
            <line number="547" hits="0" branch="false"/>
            <line number="551" hits="0" branch="false"/>
            <line number="554" hits="0" branch="false"/>
            <line number="565" hits="0" branch="false"/>
            <line number="567" hits="0" branch="false"/>
            <line number="568" hits="0" branch="false"/>
            <line number="576" hits="0" branch="false"/>
            <line number="577" hits="0" branch="false"/>
            <line number="578" hits="0" branch="true" condition-coverage="0% (0/2)"/>
            <line number="580" hits="0" branch="false"/>
            <line number="591" hits="0" branch="false"/>
            <line number="593" hits="0" branch="false"/>
            <line number="594" hits="0" branch="false"/>
            <line number="601" hits="0" branch="false"/>
            <line number="602" hits="0" branch="false"/>
            <line number="603" hits="0" branch="true" condition-coverage="0% (0/2)"/>
            <line number="605" hits="0" branch="false"/>
            <line number="616" hits="0" branch="false"/>
            <line number="618" hits="0" branch="false"/>
            <line number="619" hits="0" branch="false"/>
            <line number="627" hits="0" branch="false"/>
            <line number="628" hits="0" branch="false"/>
            <line number="629" hits="0" branch="true" condition-coverage="0% (0/2)"/>
            <line number="631" hits="0" branch="false"/>
            <line number="642" hits="0" branch="false"/>
            <line number="644" hits="0" branch="false"/>
            <line number="645" hits="0" branch="false"/>
            <line number="649" hits="0" branch="false"/>
            <line number="650" hits="0" branch="false"/>
            <line number="651" hits="0" branch="true" condition-coverage="0% (0/2)"/>
            <line number="653" hits="0" branch="false"/>
            <line number="662" hits="0" branch="false"/>
            <line number="664" hits="0" branch="false"/>
            <line number="665" hits="0" branch="false"/>
            <line number="671" hits="0" branch="false"/>
            <line number="672" hits="0" branch="false"/>
            <line number="673" hits="0" branch="true" condition-coverage="0% (0/2)"/>
            <line number="675" hits="0" branch="false"/>
            <line number="686" hits="0" branch="false"/>
            <line number="688" hits="0" branch="false"/>
            <line number="689" hits="0" branch="false"/>
            <line number="695" hits="0" branch="false"/>
            <line number="696" hits="0" branch="false"/>
            <line number="697" hits="0" branch="true" condition-coverage="0% (0/2)"/>
            <line number="699" hits="0" branch="false"/>
            <line number="708" hits="0" branch="false"/>
            <line number="710" hits="0" branch="false"/>
            <line number="711" hits="0" branch="false"/>
            <line number="715" hits="0" branch="false"/>
            <line number="716" hits="0" branch="false"/>
            <line number="717" hits="0" branch="true" condition-coverage="0% (0/2)"/>
            <line number="719" hits="0" branch="false"/>
          </lines>
        </class>
      </classes>
    </package>
    <package name="api.services" line-rate="0" branch-rate="0">
      <classes>
        <class name="v1.ts" filename="src/api/services/v1.ts" line-rate="0" branch-rate="0">
          <methods>
            <method name="createEDocProfile" hits="0" signature="()V">
              <lines>
                <line number="18" hits="0"/>
              </lines>
            </method>
            <method name="(anonymous_11)" hits="0" signature="()V">
              <lines>
                <line number="28" hits="0"/>
              </lines>
            </method>
            <method name="getEDocProfile" hits="0" signature="()V">
              <lines>
                <line number="58" hits="0"/>
              </lines>
            </method>
            <method name="updateEDocProfile" hits="0" signature="()V">
              <lines>
                <line number="98" hits="0"/>
              </lines>
            </method>
            <method name="(anonymous_16)" hits="0" signature="()V">
              <lines>
                <line number="113" hits="0"/>
              </lines>
            </method>
            <method name="deleteEDocProfile" hits="0" signature="()V">
              <lines>
                <line number="144" hits="0"/>
              </lines>
            </method>
            <method name="listEDocProfiles" hits="0" signature="()V">
              <lines>
                <line number="190" hits="0"/>
              </lines>
            </method>
            <method name="registerUser" hits="0" signature="()V">
              <lines>
                <line number="237" hits="0"/>
              </lines>
            </method>
            <method name="(anonymous_23)" hits="0" signature="()V">
              <lines>
                <line number="264" hits="0"/>
              </lines>
            </method>
            <method name="loginUser" hits="0" signature="()V">
              <lines>
                <line number="284" hits="0"/>
              </lines>
            </method>
            <method name="updateUser" hits="0" signature="()V">
              <lines>
                <line number="318" hits="0"/>
              </lines>
            </method>
            <method name="(anonymous_28)" hits="0" signature="()V">
              <lines>
                <line number="335" hits="0"/>
              </lines>
            </method>
            <method name="deleteUser" hits="0" signature="()V">
              <lines>
                <line number="364" hits="0"/>
              </lines>
            </method>
            <method name="getUser" hits="0" signature="()V">
              <lines>
                <line number="404" hits="0"/>
              </lines>
            </method>
            <method name="listUsers" hits="0" signature="()V">
              <lines>
                <line number="450" hits="0"/>
              </lines>
            </method>
            <method name="(anonymous_35)" hits="0" signature="()V">
              <lines>
                <line number="466" hits="0"/>
              </lines>
            </method>
            <method name="(anonymous_36)" hits="0" signature="()V">
              <lines>
                <line number="467" hits="0"/>
              </lines>
            </method>
            <method name="createObject" hits="0" signature="()V">
              <lines>
                <line number="496" hits="0"/>
              </lines>
            </method>
            <method name="searchObjects" hits="0" signature="()V">
              <lines>
                <line number="573" hits="0"/>
              </lines>
            </method>
            <method name="deleteObjects" hits="0" signature="()V">
              <lines>
                <line number="639" hits="0"/>
              </lines>
            </method>
            <method name="getObjectMetadata" hits="0" signature="()V">
              <lines>
                <line number="682" hits="0"/>
              </lines>
            </method>
            <method name="updateObjectmetadata" hits="0" signature="()V">
              <lines>
                <line number="734" hits="0"/>
              </lines>
            </method>
            <method name="(anonymous_47)" hits="0" signature="()V">
              <lines>
                <line number="750" hits="0"/>
              </lines>
            </method>
            <method name="deleteObjectMetadata" hits="0" signature="()V">
              <lines>
                <line number="790" hits="0"/>
              </lines>
            </method>
            <method name="fetchObjectData" hits="0" signature="()V">
              <lines>
                <line number="842" hits="0"/>
              </lines>
            </method>
            <method name="uploadObjectData" hits="0" signature="()V">
              <lines>
                <line number="897" hits="0"/>
              </lines>
            </method>
            <method name="deleteObjectData" hits="0" signature="()V">
              <lines>
                <line number="969" hits="0"/>
              </lines>
            </method>
            <method name="directDelivery" hits="0" signature="()V">
              <lines>
                <line number="1039" hits="0"/>
              </lines>
            </method>
            <method name="createFullTextCache" hits="0" signature="()V">
              <lines>
                <line number="1074" hits="0"/>
              </lines>
            </method>
            <method name="getFullTextCache" hits="0" signature="()V">
              <lines>
                <line number="1100" hits="0"/>
              </lines>
            </method>
            <method name="rebuildFullTextCache" hits="0" signature="()V">
              <lines>
                <line number="1126" hits="0"/>
              </lines>
            </method>
            <method name="extendPnxWithFullText" hits="0" signature="()V">
              <lines>
                <line number="1148" hits="0"/>
              </lines>
            </method>
            <method name="generateUserReport" hits="0" signature="()V">
              <lines>
                <line number="1173" hits="0"/>
              </lines>
            </method>
            <method name="getContributionsStats" hits="0" signature="()V">
              <lines>
                <line number="1198" hits="0"/>
              </lines>
            </method>
            <method name="getWebAccessesStats" hits="0" signature="()V">
              <lines>
                <line number="1221" hits="0"/>
              </lines>
            </method>
          </methods>
          <lines>
            <line number="1" hits="0" branch="false"/>
            <line number="2" hits="0" branch="false"/>
            <line number="4" hits="0" branch="false"/>
            <line number="5" hits="0" branch="false"/>
            <line number="6" hits="0" branch="false"/>
            <line number="7" hits="0" branch="false"/>
            <line number="8" hits="0" branch="false"/>
            <line number="9" hits="0" branch="false"/>
            <line number="11" hits="0" branch="false"/>
            <line number="18" hits="0" branch="false"/>
            <line number="22" hits="0" branch="false"/>
            <line number="23" hits="0" branch="false"/>
            <line number="24" hits="0" branch="false"/>
            <line number="26" hits="0" branch="false"/>
            <line number="27" hits="0" branch="false"/>
            <line number="28" hits="0" branch="false"/>
            <line number="29" hits="0" branch="false"/>
            <line number="31" hits="0" branch="false"/>
            <line number="33" hits="0" branch="false"/>
            <line number="38" hits="0" branch="true" condition-coverage="0% (0/2)"/>
            <line number="39" hits="0" branch="false"/>
            <line number="44" hits="0" branch="false"/>
            <line number="47" hits="0" branch="true" condition-coverage="0% (0/1)"/>
            <line number="58" hits="0" branch="false"/>
            <line number="62" hits="0" branch="false"/>
            <line number="63" hits="0" branch="false"/>
            <line number="64" hits="0" branch="true" condition-coverage="0% (0/1)"/>
            <line number="65" hits="0" branch="false"/>
            <line number="71" hits="0" branch="false"/>
            <line number="72" hits="0" branch="false"/>
            <line number="77" hits="0" branch="true" condition-coverage="0% (0/2)"/>
            <line number="78" hits="0" branch="false"/>
            <line number="80" hits="0" branch="false"/>
            <line number="83" hits="0" branch="false"/>
            <line number="84" hits="0" branch="false"/>
            <line number="89" hits="0" branch="true" condition-coverage="0% (0/1)"/>
            <line number="98" hits="0" branch="false"/>
            <line number="102" hits="0" branch="false"/>
            <line number="103" hits="0" branch="false"/>
            <line number="104" hits="0" branch="false"/>
            <line number="107" hits="0" branch="true" condition-coverage="0% (0/4)"/>
            <line number="108" hits="0" branch="false"/>
            <line number="111" hits="0" branch="false"/>
            <line number="112" hits="0" branch="false"/>
            <line number="113" hits="0" branch="false"/>
            <line number="115" hits="0" branch="false"/>
            <line number="117" hits="0" branch="false"/>
            <line number="118" hits="0" branch="false"/>
            <line number="120" hits="0" branch="true" condition-coverage="0% (0/1)"/>
            <line number="121" hits="0" branch="false"/>
            <line number="128" hits="0" branch="false"/>
            <line number="130" hits="0" branch="false"/>
            <line number="131" hits="0" branch="false"/>
            <line number="133" hits="0" branch="true" condition-coverage="0% (0/1)"/>
            <line number="144" hits="0" branch="false"/>
            <line number="148" hits="0" branch="false"/>
            <line number="149" hits="0" branch="false"/>
            <line number="150" hits="0" branch="true" condition-coverage="0% (0/1)"/>
            <line number="151" hits="0" branch="false"/>
            <line number="155" hits="0" branch="false"/>
            <line number="157" hits="0" branch="true" condition-coverage="0% (0/1)"/>
            <line number="158" hits="0" branch="false"/>
            <line number="161" hits="0" branch="false"/>
            <line number="162" hits="0" branch="false"/>
            <line number="167" hits="0" branch="true" condition-coverage="0% (0/1)"/>
            <line number="168" hits="0" branch="false"/>
            <line number="175" hits="0" branch="false"/>
            <line number="177" hits="0" branch="false"/>
            <line number="178" hits="0" branch="false"/>
            <line number="180" hits="0" branch="true" condition-coverage="0% (0/1)"/>
            <line number="190" hits="0" branch="false"/>
            <line number="194" hits="0" branch="false"/>
            <line number="195" hits="0" branch="false"/>
            <line number="196" hits="0" branch="false"/>
            <line number="198" hits="0" branch="false"/>
            <line number="199" hits="0" branch="false"/>
            <line number="201" hits="0" branch="true" condition-coverage="0% (0/1)"/>
            <line number="202" hits="0" branch="false"/>
            <line number="204" hits="0" branch="true" condition-coverage="0% (0/2)"/>
            <line number="215" hits="0" branch="false"/>
            <line number="216" hits="0" branch="false"/>
            <line number="218" hits="0" branch="false"/>
            <line number="222" hits="0" branch="false"/>
            <line number="223" hits="0" branch="false"/>
            <line number="225" hits="0" branch="false"/>
            <line number="226" hits="0" branch="false"/>
            <line number="228" hits="0" branch="true" condition-coverage="0% (0/1)"/>
            <line number="237" hits="0" branch="false"/>
            <line number="241" hits="0" branch="false"/>
            <line number="242" hits="0" branch="false"/>
            <line number="245" hits="0" branch="true" condition-coverage="0% (0/3)"/>
            <line number="246" hits="0" branch="false"/>
            <line number="249" hits="0" branch="false"/>
            <line number="252" hits="0" branch="false"/>
            <line number="256" hits="0" branch="true" condition-coverage="0% (0/1)"/>
            <line number="257" hits="0" branch="false"/>
            <line number="261" hits="0" branch="false"/>
            <line number="262" hits="0" branch="false"/>
            <line number="263" hits="0" branch="false"/>
            <line number="264" hits="0" branch="false"/>
            <line number="265" hits="0" branch="false"/>
            <line number="266" hits="0" branch="false"/>
            <line number="269" hits="0" branch="false"/>
            <line number="271" hits="0" branch="false"/>
            <line number="272" hits="0" branch="false"/>
            <line number="274" hits="0" branch="true" condition-coverage="0% (0/1)"/>
            <line number="284" hits="0" branch="false"/>
            <line number="285" hits="0" branch="false"/>
            <line number="286" hits="0" branch="false"/>
            <line number="288" hits="0" branch="false"/>
            <line number="289" hits="0" branch="false"/>
            <line number="290" hits="0" branch="false"/>
            <line number="291" hits="0" branch="false"/>
            <line number="293" hits="0" branch="true" condition-coverage="0% (0/1)"/>
            <line number="294" hits="0" branch="false"/>
            <line number="297" hits="0" branch="false"/>
            <line number="304" hits="0" branch="false"/>
            <line number="306" hits="0" branch="false"/>
            <line number="308" hits="0" branch="false"/>
            <line number="309" hits="0" branch="false"/>
            <line number="318" hits="0" branch="false"/>
            <line number="322" hits="0" branch="false"/>
            <line number="323" hits="0" branch="false"/>
            <line number="326" hits="0" branch="true" condition-coverage="0% (0/4)"/>
            <line number="327" hits="0" branch="false"/>
            <line number="333" hits="0" branch="false"/>
            <line number="334" hits="0" branch="false"/>
            <line number="335" hits="0" branch="false"/>
            <line number="337" hits="0" branch="false"/>
            <line number="339" hits="0" branch="false"/>
            <line number="340" hits="0" branch="false"/>
            <line number="342" hits="0" branch="true" condition-coverage="0% (0/1)"/>
            <line number="343" hits="0" branch="false"/>
            <line number="350" hits="0" branch="false"/>
            <line number="352" hits="0" branch="false"/>
            <line number="353" hits="0" branch="false"/>
            <line number="355" hits="0" branch="true" condition-coverage="0% (0/1)"/>
            <line number="364" hits="0" branch="false"/>
            <line number="368" hits="0" branch="false"/>
            <line number="369" hits="0" branch="false"/>
            <line number="370" hits="0" branch="false"/>
            <line number="371" hits="0" branch="true" condition-coverage="0% (0/1)"/>
            <line number="372" hits="0" branch="false"/>
            <line number="375" hits="0" branch="true" condition-coverage="0% (0/1)"/>
            <line number="376" hits="0" branch="false"/>
            <line number="379" hits="0" branch="false"/>
            <line number="380" hits="0" branch="false"/>
            <line number="385" hits="0" branch="true" condition-coverage="0% (0/1)"/>
            <line number="386" hits="0" branch="false"/>
            <line number="390" hits="0" branch="false"/>
            <line number="392" hits="0" branch="false"/>
            <line number="393" hits="0" branch="false"/>
            <line number="395" hits="0" branch="true" condition-coverage="0% (0/1)"/>
            <line number="404" hits="0" branch="false"/>
            <line number="408" hits="0" branch="false"/>
            <line number="409" hits="0" branch="false"/>
            <line number="411" hits="0" branch="true" condition-coverage="0% (0/1)"/>
            <line number="412" hits="0" branch="false"/>
            <line number="415" hits="0" branch="false"/>
            <line number="416" hits="0" branch="false"/>
            <line number="421" hits="0" branch="true" condition-coverage="0% (0/1)"/>
            <line number="422" hits="0" branch="false"/>
            <line number="425" hits="0" branch="false"/>
            <line number="436" hits="0" branch="false"/>
            <line number="438" hits="0" branch="false"/>
            <line number="439" hits="0" branch="false"/>
            <line number="441" hits="0" branch="true" condition-coverage="0% (0/1)"/>
            <line number="450" hits="0" branch="false"/>
            <line number="454" hits="0" branch="false"/>
            <line number="455" hits="0" branch="false"/>
            <line number="458" hits="0" branch="false"/>
            <line number="459" hits="0" branch="false"/>
            <line number="462" hits="0" branch="true" condition-coverage="0% (0/1)"/>
            <line number="463" hits="0" branch="false"/>
            <line number="464" hits="0" branch="false"/>
            <line number="466" hits="0" branch="false"/>
            <line number="467" hits="0" branch="false"/>
            <line number="468" hits="0" branch="true" condition-coverage="0% (0/1)"/>
            <line number="470" hits="0" branch="false"/>
            <line number="471" hits="0" branch="false"/>
            <line number="475" hits="0" branch="true" condition-coverage="0% (0/1)"/>
            <line number="476" hits="0" branch="false"/>
            <line number="480" hits="0" branch="false"/>
            <line number="482" hits="0" branch="false"/>
            <line number="484" hits="0" branch="false"/>
            <line number="485" hits="0" branch="false"/>
            <line number="487" hits="0" branch="true" condition-coverage="0% (0/1)"/>
            <line number="496" hits="0" branch="false"/>
            <line number="500" hits="0" branch="false"/>
            <line number="501" hits="0" branch="false"/>
            <line number="512" hits="0" branch="false"/>
            <line number="515" hits="0" branch="true" condition-coverage="0% (0/1)"/>
            <line number="523" hits="0" branch="false"/>
            <line number="527" hits="0" branch="false"/>
            <line number="528" hits="0" branch="false"/>
            <line number="529" hits="0" branch="false"/>
            <line number="530" hits="0" branch="true" condition-coverage="0% (0/1)"/>
            <line number="531" hits="0" branch="false"/>
            <line number="536" hits="0" branch="false"/>
            <line number="537" hits="0" branch="false"/>
            <line number="549" hits="0" branch="true" condition-coverage="0% (0/2)"/>
            <line number="550" hits="0" branch="false"/>
            <line number="558" hits="0" branch="false"/>
            <line number="561" hits="0" branch="false"/>
            <line number="562" hits="0" branch="false"/>
            <line number="564" hits="0" branch="true" condition-coverage="0% (0/1)"/>
            <line number="573" hits="0" branch="false"/>
            <line number="577" hits="0" branch="false"/>
            <line number="578" hits="0" branch="false"/>
            <line number="588" hits="0" branch="true" condition-coverage="0% (0/2)"/>
            <line number="590" hits="0" branch="false"/>
            <line number="591" hits="0" branch="false"/>
            <line number="594" hits="0" branch="false"/>
            <line number="595" hits="0" branch="false"/>
            <line number="598" hits="0" branch="true" condition-coverage="0% (0/1)"/>
            <line number="599" hits="0" branch="false"/>
            <line number="600" hits="0" branch="false"/>
            <line number="602" hits="0" branch="true" condition-coverage="0% (0/1)"/>
            <line number="603" hits="0" branch="false"/>
            <line number="604" hits="0" branch="false"/>
            <line number="606" hits="0" branch="true" condition-coverage="0% (0/1)"/>
            <line number="607" hits="0" branch="false"/>
            <line number="608" hits="0" branch="false"/>
            <line number="610" hits="0" branch="true" condition-coverage="0% (0/1)"/>
            <line number="611" hits="0" branch="false"/>
            <line number="612" hits="0" branch="false"/>
            <line number="616" hits="0" branch="false"/>
            <line number="619" hits="0" branch="false"/>
            <line number="620" hits="0" branch="false"/>
            <line number="621" hits="0" branch="false"/>
            <line number="623" hits="0" branch="false"/>
            <line number="625" hits="0" branch="false"/>
            <line number="627" hits="0" branch="false"/>
            <line number="628" hits="0" branch="false"/>
            <line number="630" hits="0" branch="true" condition-coverage="0% (0/1)"/>
            <line number="639" hits="0" branch="false"/>
            <line number="643" hits="0" branch="false"/>
            <line number="644" hits="0" branch="false"/>
            <line number="646" hits="0" branch="true" condition-coverage="0% (0/1)"/>
            <line number="647" hits="0" branch="false"/>
            <line number="650" hits="0" branch="true" condition-coverage="0% (0/1)"/>
            <line number="651" hits="0" branch="false"/>
            <line number="654" hits="0" branch="false"/>
            <line number="655" hits="0" branch="false"/>
            <line number="660" hits="0" branch="true" condition-coverage="0% (0/1)"/>
            <line number="661" hits="0" branch="false"/>
            <line number="667" hits="0" branch="false"/>
            <line number="669" hits="0" branch="false"/>
            <line number="670" hits="0" branch="false"/>
            <line number="672" hits="0" branch="true" condition-coverage="0% (0/1)"/>
            <line number="682" hits="0" branch="false"/>
            <line number="687" hits="0" branch="false"/>
            <line number="688" hits="0" branch="false"/>
            <line number="689" hits="0" branch="false"/>
            <line number="691" hits="0" branch="true" condition-coverage="0% (0/3)"/>
            <line number="692" hits="0" branch="false"/>
            <line number="694" hits="0" branch="false"/>
            <line number="698" hits="0" branch="true" condition-coverage="0% (0/2)"/>
            <line number="702" hits="0" branch="false"/>
            <line number="708" hits="0" branch="true" condition-coverage="0% (0/2)"/>
            <line number="711" hits="0" branch="false"/>
            <line number="713" hits="0" branch="true" condition-coverage="0% (0/1)"/>
            <line number="714" hits="0" branch="false"/>
            <line number="717" hits="0" branch="false"/>
            <line number="719" hits="0" branch="false"/>
            <line number="720" hits="0" branch="false"/>
            <line number="722" hits="0" branch="true" condition-coverage="0% (0/1)"/>
            <line number="734" hits="0" branch="false"/>
            <line number="736" hits="0" branch="false"/>
            <line number="737" hits="0" branch="false"/>
            <line number="738" hits="0" branch="false"/>
            <line number="741" hits="0" branch="true" condition-coverage="0% (0/2)"/>
            <line number="744" hits="0" branch="false"/>
            <line number="749" hits="0" branch="false"/>
            <line number="750" hits="0" branch="false"/>
            <line number="752" hits="0" branch="false"/>
            <line number="755" hits="0" branch="true" condition-coverage="0% (0/2)"/>
            <line number="758" hits="0" branch="false"/>
            <line number="766" hits="0" branch="false"/>
            <line number="772" hits="0" branch="true" condition-coverage="0% (0/1)"/>
            <line number="773" hits="0" branch="false"/>
            <line number="776" hits="0" branch="false"/>
            <line number="778" hits="0" branch="false"/>
            <line number="779" hits="0" branch="false"/>
            <line number="781" hits="0" branch="true" condition-coverage="0% (0/1)"/>
            <line number="790" hits="0" branch="false"/>
            <line number="794" hits="0" branch="false"/>
            <line number="795" hits="0" branch="false"/>
            <line number="796" hits="0" branch="false"/>
            <line number="798" hits="0" branch="true" condition-coverage="0% (0/1)"/>
            <line number="799" hits="0" branch="false"/>
            <line number="802" hits="0" branch="true" condition-coverage="0% (0/2)"/>
            <line number="805" hits="0" branch="false"/>
            <line number="810" hits="0" branch="true" condition-coverage="0% (0/2)"/>
            <line number="814" hits="0" branch="false"/>
            <line number="820" hits="0" branch="false"/>
            <line number="822" hits="0" branch="true" condition-coverage="0% (0/1)"/>
            <line number="823" hits="0" branch="false"/>
            <line number="826" hits="0" branch="false"/>
            <line number="828" hits="0" branch="false"/>
            <line number="829" hits="0" branch="false"/>
            <line number="831" hits="0" branch="true" condition-coverage="0% (0/1)"/>
            <line number="842" hits="0" branch="false"/>
            <line number="846" hits="0" branch="false"/>
            <line number="847" hits="0" branch="false"/>
            <line number="848" hits="0" branch="false"/>
            <line number="851" hits="0" branch="true" condition-coverage="0% (0/2)"/>
            <line number="853" hits="0" branch="false"/>
            <line number="856" hits="0" branch="true" condition-coverage="0% (0/2)"/>
            <line number="860" hits="0" branch="false"/>
            <line number="867" hits="0" branch="false"/>
            <line number="868" hits="0" branch="false"/>
            <line number="869" hits="0" branch="false"/>
            <line number="871" hits="0" branch="true" condition-coverage="0% (0/1)"/>
            <line number="872" hits="0" branch="false"/>
            <line number="875" hits="0" branch="false"/>
            <line number="876" hits="0" branch="false"/>
            <line number="877" hits="0" branch="true" condition-coverage="0% (0/1)"/>
            <line number="878" hits="0" branch="false"/>
            <line number="881" hits="0" branch="false"/>
            <line number="883" hits="0" branch="false"/>
            <line number="884" hits="0" branch="false"/>
            <line number="886" hits="0" branch="true" condition-coverage="0% (0/1)"/>
            <line number="897" hits="0" branch="false"/>
            <line number="899" hits="0" branch="false"/>
            <line number="900" hits="0" branch="false"/>
            <line number="901" hits="0" branch="false"/>
            <line number="903" hits="0" branch="true" condition-coverage="0% (0/1)"/>
            <line number="904" hits="0" branch="false"/>
            <line number="907" hits="0" branch="true" condition-coverage="0% (0/3)"/>
            <line number="908" hits="0" branch="false"/>
            <line number="911" hits="0" branch="false"/>
            <line number="915" hits="0" branch="false"/>
            <line number="916" hits="0" branch="false"/>
            <line number="918" hits="0" branch="true" condition-coverage="0% (0/2)"/>
            <line number="919" hits="0" branch="false"/>
            <line number="920" hits="0" branch="false"/>
            <line number="922" hits="0" branch="false"/>
            <line number="924" hits="0" branch="false"/>
            <line number="927" hits="0" branch="false"/>
            <line number="929" hits="0" branch="true" condition-coverage="0% (0/1)"/>
            <line number="930" hits="0" branch="false"/>
            <line number="933" hits="0" branch="false"/>
            <line number="935" hits="0" branch="false"/>
            <line number="943" hits="0" branch="false"/>
            <line number="952" hits="0" branch="false"/>
            <line number="954" hits="0" branch="false"/>
            <line number="955" hits="0" branch="false"/>
            <line number="957" hits="0" branch="true" condition-coverage="0% (0/1)"/>
            <line number="969" hits="0" branch="false"/>
            <line number="970" hits="0" branch="true" condition-coverage="0% (0/1)"/>
            <line number="971" hits="0" branch="false"/>
            <line number="975" hits="0" branch="false"/>
            <line number="976" hits="0" branch="false"/>
            <line number="977" hits="0" branch="false"/>
            <line number="980" hits="0" branch="false"/>
            <line number="984" hits="0" branch="true" condition-coverage="0% (0/2)"/>
            <line number="989" hits="0" branch="false"/>
            <line number="993" hits="0" branch="false"/>
            <line number="994" hits="0" branch="true" condition-coverage="0% (0/1)"/>
            <line number="995" hits="0" branch="false"/>
            <line number="998" hits="0" branch="false"/>
            <line number="999" hits="0" branch="true" condition-coverage="0% (0/1)"/>
            <line number="1001" hits="0" branch="false"/>
            <line number="1003" hits="0" branch="false"/>
            <line number="1004" hits="0" branch="true" condition-coverage="0% (0/2)"/>
            <line number="1005" hits="0" branch="false"/>
            <line number="1006" hits="0" branch="false"/>
            <line number="1008" hits="0" branch="false"/>
            <line number="1013" hits="0" branch="false"/>
            <line number="1017" hits="0" branch="false"/>
            <line number="1018" hits="0" branch="true" condition-coverage="0% (0/1)"/>
            <line number="1019" hits="0" branch="false"/>
            <line number="1021" hits="0" branch="false"/>
            <line number="1023" hits="0" branch="false"/>
            <line number="1024" hits="0" branch="false"/>
            <line number="1026" hits="0" branch="true" condition-coverage="0% (0/1)"/>
            <line number="1039" hits="0" branch="false"/>
            <line number="1040" hits="0" branch="false"/>
            <line number="1041" hits="0" branch="false"/>
            <line number="1042" hits="0" branch="false"/>
            <line number="1044" hits="0" branch="false"/>
            <line number="1049" hits="0" branch="false"/>
            <line number="1050" hits="0" branch="false"/>
            <line number="1052" hits="0" branch="true" condition-coverage="0% (0/1)"/>
            <line number="1053" hits="0" branch="false"/>
            <line number="1056" hits="0" branch="false"/>
            <line number="1058" hits="0" branch="false"/>
            <line number="1060" hits="0" branch="false"/>
            <line number="1061" hits="0" branch="false"/>
            <line number="1074" hits="0" branch="false"/>
            <line number="1076" hits="0" branch="false"/>
            <line number="1077" hits="0" branch="false"/>
            <line number="1079" hits="0" branch="false"/>
            <line number="1080" hits="0" branch="false"/>
            <line number="1085" hits="0" branch="false"/>
            <line number="1100" hits="0" branch="false"/>
            <line number="1102" hits="0" branch="false"/>
            <line number="1103" hits="0" branch="false"/>
            <line number="1105" hits="0" branch="false"/>
            <line number="1106" hits="0" branch="false"/>
            <line number="1111" hits="0" branch="false"/>
            <line number="1126" hits="0" branch="false"/>
            <line number="1128" hits="0" branch="false"/>
            <line number="1129" hits="0" branch="false"/>
            <line number="1131" hits="0" branch="false"/>
            <line number="1132" hits="0" branch="false"/>
            <line number="1137" hits="0" branch="false"/>
            <line number="1148" hits="0" branch="false"/>
            <line number="1150" hits="0" branch="false"/>
            <line number="1151" hits="0" branch="false"/>
            <line number="1153" hits="0" branch="false"/>
            <line number="1154" hits="0" branch="false"/>
            <line number="1159" hits="0" branch="false"/>
            <line number="1173" hits="0" branch="false"/>
            <line number="1175" hits="0" branch="false"/>
            <line number="1176" hits="0" branch="false"/>
            <line number="1178" hits="0" branch="false"/>
            <line number="1179" hits="0" branch="false"/>
            <line number="1184" hits="0" branch="false"/>
            <line number="1198" hits="0" branch="false"/>
            <line number="1200" hits="0" branch="false"/>
            <line number="1201" hits="0" branch="false"/>
            <line number="1203" hits="0" branch="false"/>
            <line number="1204" hits="0" branch="false"/>
            <line number="1209" hits="0" branch="false"/>
            <line number="1221" hits="0" branch="false"/>
            <line number="1223" hits="0" branch="false"/>
            <line number="1224" hits="0" branch="false"/>
            <line number="1226" hits="0" branch="false"/>
            <line number="1227" hits="0" branch="false"/>
            <line number="1232" hits="0" branch="false"/>
          </lines>
        </class>
      </classes>
    </package>
    <package name="bin" line-rate="0" branch-rate="0">
      <classes>
        <class name="www.ts" filename="src/bin/www.ts" line-rate="0" branch-rate="0">
          <methods>
            <method name="normalizePort" hits="0" signature="()V">
              <lines>
                <line number="38" hits="0"/>
              </lines>
            </method>
            <method name="onError" hits="0" signature="()V">
              <lines>
                <line number="58" hits="0"/>
              </lines>
            </method>
            <method name="onListening" hits="0" signature="()V">
              <lines>
                <line number="81" hits="0"/>
              </lines>
            </method>
          </methods>
          <lines>
            <line number="6" hits="0" branch="false"/>
            <line number="7" hits="0" branch="false"/>
            <line number="8" hits="0" branch="false"/>
            <line number="9" hits="0" branch="false"/>
            <line number="10" hits="0" branch="false"/>
            <line number="12" hits="0" branch="false"/>
            <line number="17" hits="0" branch="true" condition-coverage="0% (0/2)"/>
            <line number="18" hits="0" branch="false"/>
            <line number="19" hits="0" branch="false"/>
            <line number="24" hits="0" branch="false"/>
            <line number="29" hits="0" branch="false"/>
            <line number="30" hits="0" branch="false"/>
            <line number="31" hits="0" branch="false"/>
            <line number="39" hits="0" branch="false"/>
            <line number="41" hits="0" branch="true" condition-coverage="0% (0/1)"/>
            <line number="43" hits="0" branch="false"/>
            <line number="46" hits="0" branch="true" condition-coverage="0% (0/1)"/>
            <line number="48" hits="0" branch="false"/>
            <line number="51" hits="0" branch="false"/>
            <line number="59" hits="0" branch="true" condition-coverage="0% (0/1)"/>
            <line number="60" hits="0" branch="false"/>
            <line number="63" hits="0" branch="true" condition-coverage="0% (0/2)"/>
            <line number="66" hits="0" branch="true" condition-coverage="0% (0/3)"/>
            <line number="68" hits="0" branch="false"/>
            <line number="69" hits="0" branch="false"/>
            <line number="71" hits="0" branch="false"/>
            <line number="72" hits="0" branch="false"/>
            <line number="74" hits="0" branch="false"/>
            <line number="82" hits="0" branch="false"/>
            <line number="83" hits="0" branch="true" condition-coverage="0% (0/2)"/>
            <line number="84" hits="0" branch="false"/>
          </lines>
        </class>
      </classes>
    </package>
    <package name="lib" line-rate="0.20929999999999999" branch-rate="0.25">
      <classes>
        <class name="FileUpload.ts" filename="src/lib/FileUpload.ts" line-rate="0" branch-rate="0">
          <methods>
            <method name="(anonymous_1)" hits="0" signature="()V">
              <lines>
                <line number="10" hits="0"/>
              </lines>
            </method>
            <method name="(anonymous_2)" hits="0" signature="()V">
              <lines>
                <line number="17" hits="0"/>
              </lines>
            </method>
            <method name="(anonymous_3)" hits="0" signature="()V">
              <lines>
                <line number="25" hits="0"/>
              </lines>
            </method>
          </methods>
          <lines>
            <line number="1" hits="0" branch="false"/>
            <line number="2" hits="0" branch="false"/>
            <line number="3" hits="0" branch="false"/>
            <line number="6" hits="0" branch="false"/>
            <line number="15" hits="0" branch="false"/>
            <line number="17" hits="0" branch="false"/>
            <line number="18" hits="0" branch="true" condition-coverage="0% (0/2)"/>
            <line number="19" hits="0" branch="false"/>
            <line number="27" hits="0" branch="false"/>
            <line number="28" hits="0" branch="false"/>
            <line number="31" hits="0" branch="false"/>
            <line number="33" hits="0" branch="false"/>
            <line number="37" hits="0" branch="false"/>
          </lines>
        </class>
        <class name="almaApiHelpers.ts" filename="src/lib/almaApiHelpers.ts" line-rate="0" branch-rate="0">
          <methods>
            <method name="isACNr" hits="0" signature="()V">
              <lines>
                <line number="7" hits="0"/>
              </lines>
            </method>
            <method name="getAlmaConnection" hits="0" signature="()V">
              <lines>
                <line number="14" hits="0"/>
              </lines>
            </method>
            <method name="fetchBibFromAlma" hits="0" signature="()V">
              <lines>
                <line number="28" hits="0"/>
              </lines>
            </method>
            <method name="(anonymous_17)" hits="0" signature="()V">
              <lines>
                <line number="28" hits="0"/>
              </lines>
            </method>
          </methods>
          <lines>
            <line number="1" hits="0" branch="false"/>
            <line number="2" hits="0" branch="false"/>
            <line number="8" hits="0" branch="false"/>
            <line number="15" hits="0" branch="false"/>
            <line number="22" hits="0" branch="false"/>
            <line number="28" hits="0" branch="true" condition-coverage="0% (0/1)"/>
            <line number="29" hits="0" branch="false"/>
            <line number="30" hits="0" branch="true" condition-coverage="0% (0/2)"/>
            <line number="31" hits="0" branch="false"/>
            <line number="32" hits="0" branch="false"/>
            <line number="34" hits="0" branch="false"/>
            <line number="35" hits="0" branch="false"/>
            <line number="38" hits="0" branch="false"/>
            <line number="39" hits="0" branch="false"/>
            <line number="42" hits="0" branch="false"/>
            <line number="43" hits="0" branch="false"/>
            <line number="47" hits="0" branch="false"/>
          </lines>
        </class>
        <class name="auditTrail.ts" filename="src/lib/auditTrail.ts" line-rate="0" branch-rate="1">
          <methods>
            <method name="logAuditTrail" hits="0" signature="()V">
              <lines>
                <line number="9" hits="0"/>
              </lines>
            </method>
          </methods>
          <lines>
            <line number="2" hits="0" branch="false"/>
            <line number="9" hits="0" branch="false"/>
            <line number="15" hits="0" branch="false"/>
            <line number="16" hits="0" branch="false"/>
            <line number="18" hits="0" branch="false"/>
            <line number="19" hits="0" branch="false"/>
            <line number="21" hits="0" branch="false"/>
            <line number="22" hits="0" branch="false"/>
            <line number="29" hits="0" branch="false"/>
            <line number="30" hits="0" branch="false"/>
            <line number="32" hits="0" branch="false"/>
          </lines>
        </class>
        <class name="config.ts" filename="src/lib/config.ts" line-rate="0" branch-rate="0">
          <methods>
            <method name="(anonymous_6)" hits="0" signature="()V">
              <lines>
                <line number="13" hits="0"/>
              </lines>
            </method>
            <method name="(anonymous_7)" hits="0" signature="()V">
              <lines>
                <line number="20" hits="0"/>
              </lines>
            </method>
          </methods>
          <lines>
            <line number="1" hits="0" branch="false"/>
            <line number="7" hits="0" branch="false"/>
            <line number="8" hits="0" branch="false"/>
            <line number="14" hits="0" branch="false"/>
            <line number="21" hits="0" branch="true" condition-coverage="0% (0/1)"/>
            <line number="22" hits="0" branch="false"/>
            <line number="24" hits="0" branch="false"/>
          </lines>
        </class>
        <class name="database.ts" filename="src/lib/database.ts" line-rate="0" branch-rate="1">
          <methods>
          </methods>
          <lines>
            <line number="2" hits="0" branch="false"/>
            <line number="3" hits="0" branch="false"/>
            <line number="17" hits="0" branch="false"/>
            <line number="19" hits="0" branch="false"/>
            <line number="27" hits="0" branch="false"/>
          </lines>
        </class>
        <class name="error.ts" filename="src/lib/error.ts" line-rate="0.9166" branch-rate="0.5">
          <methods>
            <method name="(anonymous_0)" hits="4" signature="()V">
              <lines>
                <line number="13" hits="4"/>
              </lines>
            </method>
            <method name="(anonymous_1)" hits="0" signature="()V">
              <lines>
                <line number="24" hits="0"/>
              </lines>
            </method>
            <method name="(anonymous_2)" hits="1" signature="()V">
              <lines>
                <line number="41" hits="1"/>
              </lines>
            </method>
            <method name="(anonymous_3)" hits="2" signature="()V">
              <lines>
                <line number="55" hits="2"/>
              </lines>
            </method>
            <method name="(anonymous_4)" hits="1" signature="()V">
              <lines>
                <line number="68" hits="1"/>
              </lines>
            </method>
          </methods>
          <lines>
            <line number="4" hits="1" branch="false"/>
            <line number="14" hits="4" branch="false"/>
            <line number="15" hits="4" branch="false"/>
            <line number="16" hits="4" branch="false"/>
            <line number="17" hits="4" branch="false"/>
            <line number="25" hits="0" branch="false"/>
            <line number="35" hits="1" branch="false"/>
            <line number="42" hits="1" branch="false"/>
            <line number="49" hits="1" branch="false"/>
            <line number="56" hits="2" branch="false"/>
            <line number="63" hits="1" branch="false"/>
            <line number="69" hits="1" branch="false"/>
          </lines>
        </class>
        <class name="idUtils.ts" filename="src/lib/idUtils.ts" line-rate="0" branch-rate="0">
          <methods>
            <method name="decomposeObjectID" hits="0" signature="()V">
              <lines>
                <line number="4" hits="0"/>
              </lines>
            </method>
          </methods>
          <lines>
            <line number="5" hits="0" branch="false"/>
            <line number="6" hits="0" branch="true" condition-coverage="0% (0/1)"/>
            <line number="7" hits="0" branch="false"/>
            <line number="10" hits="0" branch="false"/>
            <line number="11" hits="0" branch="false"/>
            <line number="13" hits="0" branch="false"/>
            <line number="20" hits="0" branch="false"/>
          </lines>
        </class>
        <class name="logger.ts" filename="src/lib/logger.ts" line-rate="1" branch-rate="1">
          <methods>
          </methods>
          <lines>
            <line number="1" hits="1" branch="false"/>
            <line number="2" hits="1" branch="false"/>
            <line number="4" hits="1" branch="true" condition-coverage="100% (2/2)"/>
            <line number="6" hits="1" branch="false"/>
          </lines>
        </class>
        <class name="validation.ts" filename="src/lib/validation.ts" line-rate="0" branch-rate="1">
          <methods>
            <method name="(anonymous_1)" hits="0" signature="()V">
              <lines>
                <line number="17" hits="0"/>
              </lines>
            </method>
          </methods>
          <lines>
            <line number="1" hits="0" branch="false"/>
            <line number="4" hits="0" branch="false"/>
            <line number="17" hits="0" branch="false"/>
            <line number="18" hits="0" branch="false"/>
            <line number="22" hits="0" branch="false"/>
          </lines>
        </class>
        <class name="version.ts" filename="src/lib/version.ts" line-rate="0.6" branch-rate="1">
          <methods>
            <method name="getVersionBody" hits="0" signature="()V">
              <lines>
                <line number="7" hits="0"/>
              </lines>
            </method>
          </methods>
          <lines>
            <line number="1" hits="1" branch="false"/>
            <line number="2" hits="1" branch="false"/>
            <line number="7" hits="1" branch="false"/>
            <line number="8" hits="0" branch="false"/>
            <line number="13" hits="0" branch="false"/>
          </lines>
        </class>
      </classes>
    </package>
  </packages>
</coverage>
